Arguments: 
  /usr/local/bin/node /usr/local/bin/yarn install

PATH: 
  /Users/dianemaniere/.asdf/bin:/Users/dianemaniere/.asdf/shims:/.asdf/completions/asdf.bash:/.asdf/asdf.sh:/usr/local/php5/bin:/usr/local/mysql/bin:/Users/dianemaniere/Sites/devops/scripts:/usr/local/php5/bin:/Library/Frameworks/Python.framework/Versions/3.5/bin:/usr/local/bin:/usr/bin:/bin:/usr/sbin:/sbin

Yarn version: 
  1.0.1

Node version: 
  8.6.0

Platform: 
  darwin x64

npm manifest: 
  

yarn manifest: 
  No manifest

Lockfile: 
  No lockfile

Trace: 
  SyntaxError: /Users/dianemaniere/Sites/tc/assets/package.json: Unexpected end of JSON input
      at JSON.parse (<anonymous>)
      at /usr/local/lib/node_modules/yarn/lib/cli.js:797:57
      at Generator.next (<anonymous>)
      at step (/usr/local/lib/node_modules/yarn/lib/cli.js:92:30)
      at /usr/local/lib/node_modules/yarn/lib/cli.js:103:13
      at <anonymous>
